<?xml version="1.0" encoding="UTF-8"?>
<!-- Generated by org.testng.reporters.JUnitXMLReporter -->
<testsuite hostname="C054" ignored="0" name="chrome Test" tests="3" failures="0" timestamp="10 out 2018 19:52:55 GMT" time="64.465" errors="0">
  <testcase name="feature" time="21.965" classname="cucumber.api.testng.AbstractTestNGCucumberTests"/>
  <testcase name="feature" time="21.74" classname="cucumber.api.testng.AbstractTestNGCucumberTests"/>
  <testcase name="feature" time="19.988" classname="cucumber.api.testng.AbstractTestNGCucumberTests"/>
</testsuite> <!-- chrome Test -->
